make all --print-data-base --no-builtin-variables --no-builtin-rules --question
# GNU Make 4.2.1
# Built for x86_64-pc-linux-gnu
# Copyright (C) 1988-2016 Free Software Foundation, Inc.
# License GPLv3+: GNU GPL version 3 or later <http://gnu.org/licenses/gpl.html>
# This is free software: you are free to change and redistribute it.
# There is NO WARRANTY, to the extent permitted by law.

# Make data base, printed on Fri Aug 26 17:58:04 2022

# Variables

# 'override' directive
GNUMAKEFLAGS := 
# automatic
<D = $(patsubst %/,%,$(dir $<))
# automatic
?F = $(notdir $?)
# environment
DESKTOP_SESSION = ubuntu
# default
.SHELLFLAGS := -c
# environment
XDG_SESSION_CLASS = user
# environment
XDG_SESSION_TYPE = x11
# automatic
?D = $(patsubst %/,%,$(dir $?))
# environment
IM_CONFIG_PHASE = 1
# automatic
@D = $(patsubst %/,%,$(dir $@))
# environment
XAUTHORITY = /run/user/1000/gdm/Xauthority
# environment
GDMSESSION = ubuntu
# environment
XMODIFIERS = @im=fcitx
# makefile
CURDIR := /home/fumoumou/Desktop/T113-s3/led_blink
# makefile
SHELL = /bin/sh
# environment
VSCODE_NLS_CONFIG = {"locale":"zh-cn","availableLanguages":{"*":"zh-cn"},"_languagePackId":"cc0490d1397af23dc5bf44a96fe15dbb.zh-cn","_translationsConfigFile":"/home/fumoumou/.config/Code/clp/cc0490d1397af23dc5bf44a96fe15dbb.zh-cn/tcf.json","_cacheRoot":"/home/fumoumou/.config/Code/clp/cc0490d1397af23dc5bf44a96fe15dbb.zh-cn","_resolvedLanguagePackCoreLocation":"/home/fumoumou/.config/Code/clp/cc0490d1397af23dc5bf44a96fe15dbb.zh-cn/e4503b30fc78200f846c62cf8091b76ff5547662","_corruptedFile":"/home/fumoumou/.config/Code/clp/cc0490d1397af23dc5bf44a96fe15dbb.zh-cn/corrupted.info","_languagePackSupport":true}
# environment
_ = /usr/share/code/code
# environment
JOURNAL_STREAM = 8:53428
# environment
XDG_CONFIG_DIRS = /etc/xdg/xdg-ubuntu:/etc/xdg
# makefile (from 'Makefile', line 1)
MAKEFILE_LIST :=  Makefile
# automatic
@F = $(notdir $@)
# environment
GIO_LAUNCHED_DESKTOP_FILE = /usr/share/applications/code.desktop
# environment
USERNAME = fumoumou
# environment
MAKELEVEL := 0
# environment
XDG_DATA_DIRS = /usr/share/ubuntu:/usr/local/share/:/usr/share/:/var/lib/snapd/desktop
# environment
ROS_ETC_DIR = /opt/ros/noetic/etc/ros
# environment
DBUS_SESSION_BUS_ADDRESS = unix:path=/run/user/1000/bus
# environment
ROS_PACKAGE_PATH = /opt/ros/noetic/share
# environment
MANAGERPID = 1244
# environment
ROS_PYTHON_VERSION = 3
# environment
LESSOPEN = | /usr/bin/lesspipe %s
# environment
LC_NAME = zh_CN.UTF-8
# environment
VSCODE_CWD = /home/fumoumou
# environment
CLUTTER_IM_MODULE = fcitx
# default
MAKE_HOST := x86_64-pc-linux-gnu
# environment
PATH = /home/fumoumou/.local/bin:/home/fumoumou/bin:/opt/ros/noetic/bin:/home/fumoumou/.local/bin:/home/fumoumou/bin:/usr/local/sbin:/usr/local/bin:/usr/sbin:/usr/bin:/sbin:/bin:/usr/games:/usr/local/games:/snap/bin:/usr/local/java/jdk1.8.0_301/bin:/usr/local/java/jdk1.8.0_301/bin:/usr/local/cuda/bin
# environment
XDG_SESSION_DESKTOP = ubuntu
# makefile (from 'Makefile', line 2)
LD = arm-linux-gnueabihf-ld
# environment
GPG_AGENT_INFO = /run/user/1000/gnupg/S.gpg-agent:0:1
# environment
GJS_DEBUG_OUTPUT = stderr
# environment
CLASSSPATH = .:/usr/local/java/jdk1.8.0_301/lib
# environment
SESSION_MANAGER = local/fumoumou-TM1801:@/tmp/.ICE-unix/1588,unix/fumoumou-TM1801:/tmp/.ICE-unix/1588
# environment
XDG_RUNTIME_DIR = /run/user/1000
# environment
ROS_ROOT = /opt/ros/noetic/share/ros
# environment
XDG_MENU_PREFIX = gnome-
# environment
ELECTRON_RUN_AS_NODE = 1
# environment
INVOCATION_ID = 42e7e13741114b3fadfd39fa00b3ca1d
# default
.FEATURES := target-specific order-only second-expansion else-if shortest-stem undefine oneshell archives jobserver output-sync check-symlink load
# environment
CMAKE_PREFIX_PATH = /opt/ros/noetic
# environment
LS_COLORS = 
# environment
ROS_DISTRO = noetic
# environment
SSH_AUTH_SOCK = /run/user/1000/keyring/ssh
# environment
GIO_LAUNCHED_DESKTOP_FILE_PID = 5098
# automatic
%F = $(notdir $%)
# environment
DISPLAY = :0
# environment
GTK_IM_MODULE = fcitx
# environment
PWD = /home/fumoumou/Desktop/T113-s3/led_blink
# default
.LOADED := 
# environment
SSH_AGENT_PID = 1545
# environment
PKG_CONFIG_PATH = /opt/ros/noetic/lib/pkgconfig
# environment
ORIGINAL_XDG_CURRENT_DESKTOP = ubuntu:GNOME
# environment
GTK_MODULES = gail:atk-bridge
# environment
VSCODE_AMD_ENTRYPOINT = vs/workbench/api/node/extensionHostProcess
# environment
HOME = /home/fumoumou
# environment
LD_LIBRARY_PATH = /opt/ros/noetic/lib::/usr/local/cuda/lib64
# environment
LESSCLOSE = /usr/bin/lesspipe %s %s
# environment
VSCODE_CODE_CACHE_PATH = /home/fumoumou/.config/Code/CachedData/e4503b30fc78200f846c62cf8091b76ff5547662
# environment
LOGNAME = fumoumou
# environment
APPLICATION_INSIGHTS_NO_DIAGNOSTIC_CHANNEL = true
# automatic
+F = $(notdir $+)
# environment
VSCODE_HANDLES_UNCAUGHT_ERRORS = true
# environment
GNOME_DESKTOP_SESSION_ID = this-is-deprecated
# automatic
^D = $(patsubst %/,%,$(dir $^))
# environment
LC_TIME = zh_CN.UTF-8
# default
MAKE = $(MAKE_COMMAND)
# default
MAKECMDGOALS := all
# environment
QT_IM_MODULE = fcitx
# environment
SHLVL = 0
# makefile (from 'Makefile', line 1)
CC = arm-linux-gnueabihf-gcc
# environment
GNOME_SHELL_SESSION_MODE = ubuntu
# default
MAKE_VERSION := 4.2.1
# environment
USER = fumoumou
# environment
LC_MONETARY = zh_CN.UTF-8
# makefile
.DEFAULT_GOAL := all
# environment
XDG_CURRENT_DESKTOP = Unity
# environment
ROSLISP_PACKAGE_DIRECTORIES = 
# automatic
%D = $(patsubst %/,%,$(dir $%))
# environment
LC_TELEPHONE = zh_CN.UTF-8
# default
MAKE_COMMAND := make
# default
.VARIABLES := 
# automatic
*F = $(notdir $*)
# environment
VSCODE_IPC_HOOK = /run/user/1000/vscode-256e83dc-1.70.2-main.sock
# environment
PYTHONPATH = /opt/ros/noetic/lib/python3/dist-packages
# makefile
MAKEFLAGS = pqrR
# environment
MFLAGS = -pqrR
# automatic
*D = $(patsubst %/,%,$(dir $*))
# environment
ROS_VERSION = 1
# automatic
+D = $(patsubst %/,%,$(dir $+))
# environment
GDK_BACKEND = x11
# environment
LC_PAPER = zh_CN.UTF-8
# environment
QT_ACCESSIBILITY = 1
# environment
CUDA_HOME = :/usr/local/cuda
# default
MAKEFILES := 
# environment
LC_NUMERIC = zh_CN.UTF-8
# automatic
<F = $(notdir $<)
# environment
LC_MEASUREMENT = zh_CN.UTF-8
# environment
ROS_MASTER_URI = http://localhost:11311
# environment
LC_ALL = C
# environment
QT4_IM_MODULE = fcitx
# environment
GJS_DEBUG_TOPICS = JS ERROR;JS LOG
# automatic
^F = $(notdir $^)
# makefile (from 'Makefile', line 3)
OBJCOPY = arm-linux-gnueabihf-objcopy
# default
SUFFIXES := 
# environment
CHROME_DESKTOP = code-url-handler.desktop
# environment
WINDOWPATH = 2
# default
.INCLUDE_DIRS = /usr/include /usr/local/include /usr/include
# environment
LC_IDENTIFICATION = zh_CN.UTF-8
# default
.RECIPEPREFIX := 
# environment
LC_ADDRESS = zh_CN.UTF-8
# environment
LANG = C
# environment
VSCODE_PID = 5098
# variable set hash-table stats:
# Load=121/1024=12%, Rehash=0, Collisions=20/150=13%

# Pattern-specific Variable Values

# No pattern-specific variable values.

# Directories

# . (device 66306, inode 9045955): 13 files, no impossibilities.

# 13 files, no impossibilities in 1 directories.

# Implicit Rules

%.o: %.S
#  recipe to execute (from 'Makefile', line 10):
	$(CC) -g -c $^

%.o: %.c
#  recipe to execute (from 'Makefile', line 12):
	$(CC) -g -c $^

# 2 implicit rules, 0 (0.0%) terminal.

# Files

all: start.o
#  Command line target.
#  Implicit rule search has not been done.
#  File does not exist.
#  File has been updated.
#  Needs to be updated (-q is set).
# variable set hash-table stats:
# Load=0/32=0%, Rehash=0, Collisions=0/4=0%
#  recipe to execute (from 'Makefile', line 6):
	$(LD) -Tgboot.lds -o gboot.elf $^
	$(OBJCOPY) -O binary gboot.elf gboot.bin

# Not a target:
Makefile:
#  Implicit rule search has been done.
#  Last modified 2022-08-24 14:48:23.793413195
#  File has been updated.
#  Successfully updated.

start.o: start.S
#  Implicit rule search has been done.
#  Implicit/static pattern stem: 'start'
#  Last modified 2022-08-24 15:40:02.422165152
#  File has been updated.
#  Needs to be updated (-q is set).
# automatic
# @ := start.o
# automatic
# % := 
# automatic
# * := start
# automatic
# + := start.S
# automatic
# | := 
# automatic
# < := start.S
# automatic
# ^ := start.S
# automatic
# ? := start.S
# variable set hash-table stats:
# Load=8/32=25%, Rehash=0, Collisions=1/13=8%
#  recipe to execute (from 'Makefile', line 10):
	$(CC) -g -c $^

# Not a target:
.DEFAULT:
#  Implicit rule search has not been done.
#  Modification time never checked.
 
#  File has not been updated.

# Not a target:
start.S:
#  Implicit rule search has been done.
#  Last modified 2022-08-24 23:39:10.347024049
#  File has been updated.
#  Successfully updated.

clean:
#  Implicit rule search has not been done.
#  Modification time never checked.
#  File has not been updated.
#  recipe to execute (from 'Makefile', line 16):
	rm -rf gboot.elf gboot.bin *.o

# files hash-table stats:
# Load=7/1024=1%, Rehash=0, Collisions=0/22=0%
# VPATH Search Paths

# No 'vpath' search paths.

# No general ('VPATH' variable) search path.

# strcache buffers: 1 (0) / strings = 23 / storage = 215 B / avg = 9 B
# current buf: size = 8162 B / used = 215 B / count = 23 / avg = 9 B

# strcache performance: lookups = 34 / hit rate = 32%
# hash-table stats:
# Load=23/8192=0%, Rehash=0, Collisions=1/34=3%
# Finished Make data base on Fri Aug 26 17:58:04 2022

 
